<?xml version="1.0" encoding="UTF-8"?>
<testsuite name="ev3dev.utils.InterpolationTest" tests="1" skipped="0" failures="0" errors="0" timestamp="2021-08-08T13:40:45" hostname="muziektop" time="0.001">
  <properties/>
  <testcase name="interpolateTest" classname="ev3dev.utils.InterpolationTest" time="0.001"/>
  <system-out><![CDATA[]]></system-out>
  <system-err><![CDATA[]]></system-err>
</testsuite>
