<?xml version="1.0" encoding="UTF-8"?>
<testsuite name="ev3dev.hardware.EV3DevPlatformTest" tests="1" skipped="0" failures="0" errors="0" timestamp="2021-08-08T13:40:47" hostname="muziektop" time="0.0">
  <properties/>
  <testcase name="getPlatformByString" classname="ev3dev.hardware.EV3DevPlatformTest" time="0.0"/>
  <system-out><![CDATA[]]></system-out>
  <system-err><![CDATA[]]></system-err>
</testsuite>
